Using pre-set license
Built from '2020.3/china_unity/release' branch; Version is '2020.3.26f1c1 (cf0e0a163043) revision 13569546'; Using compiler version '192528614'; Build Type 'Release'
OS: 'Windows 10  (10.0.19044) 64bit CoreCountrySpecific' Language: 'zh' Physical Memory: 16152 MB
BatchMode: 1, IsHumanControllingUs: 0, StartBugReporterOnCrash: 0, Is64bit: 1, IsPro: 0

COMMAND LINE ARGUMENTS:
C:\Users\17765\Desktop\unity\2020.3.26f1c1\Editor\Unity.exe
-adb2
-batchMode
-noUpm
-name
AssetImportWorker0
-projectPath
C:/Users/17765/Desktop/unity/unityFile/Mathemathics - 副本
-logFile
Logs/AssetImportWorker0.log
-srvPort
2169
Successfully changed project path to: C:/Users/17765/Desktop/unity/unityFile/Mathemathics - 副本
C:/Users/17765/Desktop/unity/unityFile/Mathemathics - 副本
Using Asset Import Pipeline V2.
AS: AutoStreaming module initializing.Refreshing native plugins compatible for Editor in 64.13 ms, found 1 plugins.
Preloading 0 native plugins for Editor in 0.00 ms.
Initialize engine version: 2020.3.26f1c1 (cf0e0a163043)
[Subsystems] Discovering subsystems at path C:/Users/17765/Desktop/unity/2020.3.26f1c1/Editor/Data/Resources/UnitySubsystems
[Subsystems] Discovering subsystems at path C:/Users/17765/Desktop/unity/unityFile/Mathemathics - 副本/Assets
GfxDevice: creating device client; threaded=0
Direct3D:
    Version:  Direct3D 11.0 [level 11.1]
    Renderer: NVIDIA GeForce MX350 (ID=0x1c94)
    Vendor:   
    VRAM:     1979 MB
    Driver:   27.21.14.6230
Initialize mono
Mono path[0] = 'C:/Users/17765/Desktop/unity/2020.3.26f1c1/Editor/Data/Managed'
Mono path[1] = 'C:/Users/17765/Desktop/unity/2020.3.26f1c1/Editor/Data/MonoBleedingEdge/lib/mono/unityjit'
Mono config path = 'C:/Users/17765/Desktop/unity/2020.3.26f1c1/Editor/Data/MonoBleedingEdge/etc'
Using monoOptions --debugger-agent=transport=dt_socket,embedding=1,server=y,suspend=n,address=127.0.0.1:56724
Begin MonoManager ReloadAssembly
Registering precompiled unity dll's ...
Register platform support module: C:/Users/17765/Desktop/unity/2020.3.26f1c1/Editor/Data/PlaybackEngines/WindowsStandaloneSupport/UnityEditor.WindowsStandalone.Extensions.dll
Registered in 0.018083 seconds.
Native extension for WindowsStandalone target not found
Refreshing native plugins compatible for Editor in 38.01 ms, found 1 plugins.
Preloading 0 native plugins for Editor in 0.00 ms.
The file 'ProjectSettings/PackageManagerSettings.asset' seems to have merge conflicts. Please open it in a text editor and fix the merge.
UnityEngine.StackTraceUtility:ExtractStackTrace ()
UnityEditor.ScriptableSingleton`1<UnityEditor.PackageManager.UI.PackageManagerProjectSettings>:CreateAndLoad ()
UnityEditor.ScriptableSingleton`1<UnityEditor.PackageManager.UI.PackageManagerProjectSettings>:get_instance ()
UnityEditor.PackageManager.UI.PackageManagerProjectSettingsProxy:OnEnable ()
UnityEditor.PackageManager.UI.ServicesContainer:OnEnable ()
UnityEngine.ScriptableObject:CreateInstance (System.Type)
UnityEngine.ScriptableObject:CreateInstance<UnityEditor.PackageManager.UI.ServicesContainer> ()
UnityEditor.ScriptableSingleton`1<UnityEditor.PackageManager.UI.ServicesContainer>:CreateAndLoad ()
UnityEditor.ScriptableSingleton`1<UnityEditor.PackageManager.UI.ServicesContainer>:get_instance ()
UnityEditor.PackageManager.UI.ScopedRegistryAddedPopup:SubscribeToRegistriesAdded ()
System.Reflection.MonoMethod:Invoke (object,System.Reflection.BindingFlags,System.Reflection.Binder,object[],System.Globalization.CultureInfo)
System.Reflection.MethodBase:Invoke (object,object[])
UnityEditor.EditorAssemblies:ProcessInitializeOnLoadMethodAttributes ()

[ line 0]

Mono: successfully reloaded assembly
- Completed reload, in  1.599 seconds
Domain Reload Profiling:
	ReloadAssembly (1600ms)
		BeginReloadAssembly (276ms)
			ExecutionOrderSort (0ms)
			DisableScriptedObjects (0ms)
			BackupInstance (0ms)
			ReleaseScriptingObjects (0ms)
			CreateAndSetChildDomain (2ms)
		EndReloadAssembly (1057ms)
			LoadAssemblies (257ms)
			RebuildTransferFunctionScriptingTraits (0ms)
			SetupTypeCache (344ms)
			ReleaseScriptCaches (0ms)
			RebuildScriptCaches (67ms)
			SetupLoadedEditorAssemblies (336ms)
				LogAssemblyErrors (0ms)
				InitializePlatformSupportModulesInManaged (13ms)
				SetLoadedEditorAssemblies (0ms)
				RefreshPlugins (38ms)
				BeforeProcessingInitializeOnLoad (41ms)
				ProcessInitializeOnLoadAttributes (180ms)
				ProcessInitializeOnLoadMethodAttributes (64ms)
				AfterProcessingInitializeOnLoad (0ms)
				EditorAssembliesLoaded (0ms)
			ExecutionOrderSort2 (0ms)
			AwakeInstancesAfterBackupRestoration (0ms)
Platform modules already initialized, skipping
Registering precompiled user dll's ...
Registered in 0.009830 seconds.
Begin MonoManager ReloadAssembly
Native extension for WindowsStandalone target not found
Refreshing native plugins compatible for Editor in 0.51 ms, found 1 plugins.
Preloading 0 native plugins for Editor in 0.00 ms.
Mono: successfully reloaded assembly
- Completed reload, in  1.898 seconds
Domain Reload Profiling:
	ReloadAssembly (1899ms)
		BeginReloadAssembly (430ms)
			ExecutionOrderSort (0ms)
			DisableScriptedObjects (13ms)
			BackupInstance (0ms)
			ReleaseScriptingObjects (0ms)
			CreateAndSetChildDomain (33ms)
		EndReloadAssembly (1273ms)
			LoadAssemblies (214ms)
			RebuildTransferFunctionScriptingTraits (0ms)
			SetupTypeCache (333ms)
			ReleaseScriptCaches (0ms)
			RebuildScriptCaches (61ms)
			SetupLoadedEditorAssemblies (546ms)
				LogAssemblyErrors (0ms)
				InitializePlatformSupportModulesInManaged (12ms)
				SetLoadedEditorAssemblies (1ms)
				RefreshPlugins (1ms)
				BeforeProcessingInitializeOnLoad (258ms)
				ProcessInitializeOnLoadAttributes (207ms)
				ProcessInitializeOnLoadMethodAttributes (8ms)
				AfterProcessingInitializeOnLoad (59ms)
				EditorAssembliesLoaded (1ms)
			ExecutionOrderSort2 (0ms)
			AwakeInstancesAfterBackupRestoration (13ms)
Platform modules already initialized, skipping
========================================================================
Worker process is ready to serve import requests
Launched and connected shader compiler UnityShaderCompiler.exe after 0.19 seconds
Refreshing native plugins compatible for Editor in 0.66 ms, found 1 plugins.
Preloading 0 native plugins for Editor in 0.00 ms.
Unloading 253 Unused Serialized files (Serialized files now loaded: 0)
System memory in use before: 36.1 MB.
System memory in use after: 36.1 MB.

Unloading 20 unused Assets to reduce memory usage. Loaded Objects now: 678.
Total: 4.287500 ms (FindLiveObjects: 0.110400 ms CreateObjectMapping: 0.020600 ms MarkObjects: 3.810300 ms  DeleteObjects: 0.344100 ms)

AssetImportParameters requested are different than current active one (requested -> active):
  custom:framework-win-MediaFoundation: 216162199b28c13a410421893ffa2e32 -> 
  custom:video-decoder-ogg-theora: a1e56fd34408186e4bbccfd4996cb3dc -> 
  custom:container-muxer-webm: aa71ff27fc2769a1b78a27578f13a17b -> 
  custom:container-demuxer-webm: 4f35f7cbe854078d1ac9338744f61a02 -> 
  custom:container-demuxer-ogg: 62fdf1f143b41e24485cea50d1cbac27 -> 
  custom:video-encoder-webm-vp8: eb34c28f22e8b96e1ab97ce403110664 -> 
  custom:video-codec-MediaFoundation-h265: 746d11721c4dcdbdad8f713fa42b33f4 -> 
  custom:video-decoder-webm-vp8: 9c59270c3fd7afecdb556c50c9e8de78 -> 
  custom:audio-decoder-ogg-vorbis: bf7c407c2cedff20999df2af8eb42d56 -> 
  custom:audio-encoder-webm-vorbis: bf7c407c2cedff20999df2af8eb42d56 -> 
========================================================================
Received Import Request.
  path: Assets/Scenes/SampleScene.unity
  artifactKey: Guid(1335b92f0500c6542bfa6aab049134e4) Importer(815301076,1909f56bfc062723c751e8b465ee728b)
Start importing Assets/Scenes/SampleScene.unity using Guid(1335b92f0500c6542bfa6aab049134e4) Importer(815301076,1909f56bfc062723c751e8b465ee728b)  -> (artifact id: '51d9a5fb327ee7cdbf3d29623aeb4993') in 0.036019 seconds 
  Import took 0.038229 seconds .

========================================================================
Received Import Request.
  Time since last request: 0.000708 seconds.
  path: Assets/UniversalRenderPipelineAsset_Renderer.asset
  artifactKey: Guid(b4b16c02e7858d244bdf59bc46aee2f5) Importer(815301076,1909f56bfc062723c751e8b465ee728b)
Start importing Assets/UniversalRenderPipelineAsset_Renderer.asset using Guid(b4b16c02e7858d244bdf59bc46aee2f5) Importer(815301076,1909f56bfc062723c751e8b465ee728b)  -> (artifact id: '5ecb310ef37f27df89a26f1307196647') in 0.105477 seconds 
  Import took 0.107122 seconds .

========================================================================
Received Import Request.
  Time since last request: 0.000669 seconds.
  path: Assets/Scenes/宿舍.unity
  artifactKey: Guid(8878e6667f37f5c4e9d4193ab727afec) Importer(815301076,1909f56bfc062723c751e8b465ee728b)
Start importing Assets/Scenes/宿舍.unity using Guid(8878e6667f37f5c4e9d4193ab727afec) Importer(815301076,1909f56bfc062723c751e8b465ee728b)  -> (artifact id: 'e7f9f578699a05337e9d14fc47512520') in 0.013528 seconds 
  Import took 0.015348 seconds .

========================================================================
Received Import Request.
  Time since last request: 0.000660 seconds.
  path: Assets/UniversalRenderPipelineAsset.asset
  artifactKey: Guid(f57cecdab54668042ae932af744ae492) Importer(815301076,1909f56bfc062723c751e8b465ee728b)
Start importing Assets/UniversalRenderPipelineAsset.asset using Guid(f57cecdab54668042ae932af744ae492) Importer(815301076,1909f56bfc062723c751e8b465ee728b)  -> (artifact id: '2a69db93aadacfa6b6d3641362867100') in 0.020657 seconds 
  Import took 0.023370 seconds .

========================================================================
Received Import Request.
  Time since last request: 10.075399 seconds.
  path: Assets/Scenes/游戏开场.unity
  artifactKey: Guid(c5cb4abcd08a3d54085fca7453dac34d) Importer(815301076,1909f56bfc062723c751e8b465ee728b)
Start importing Assets/Scenes/游戏开场.unity using Guid(c5cb4abcd08a3d54085fca7453dac34d) Importer(815301076,1909f56bfc062723c751e8b465ee728b)  -> (artifact id: 'db62364afc11766ca5c7fcfbf065ed89') in 0.011286 seconds 
  Import took 0.013037 seconds .

========================================================================
Received Import Request.
  Time since last request: 34.107927 seconds.
  path: Assets/Scenes/甘雨相遇.unity
  artifactKey: Guid(ddb3e16f3b5d1104d8980a4d5691080b) Importer(815301076,1909f56bfc062723c751e8b465ee728b)
Start importing Assets/Scenes/甘雨相遇.unity using Guid(ddb3e16f3b5d1104d8980a4d5691080b) Importer(815301076,1909f56bfc062723c751e8b465ee728b)  -> (artifact id: '445dd4bd57c49a3af7038bec74272e56') in 0.049573 seconds 
  Import took 0.051397 seconds .

========================================================================
Received Import Request.
  Time since last request: 3.501498 seconds.
  path: Assets/Scenes/电脑.unity
  artifactKey: Guid(9fc0d4010bbf28b4594072e72b8655ab) Importer(815301076,1909f56bfc062723c751e8b465ee728b)
Start importing Assets/Scenes/电脑.unity using Guid(9fc0d4010bbf28b4594072e72b8655ab) Importer(815301076,1909f56bfc062723c751e8b465ee728b)  -> (artifact id: 'aba5a65c73afbe1186747d1b566a8f22') in 0.011835 seconds 
  Import took 0.013086 seconds .

AssetImportWorkerClient::OnTransportError - code=2 error=End of file
